{"uid":"8994f871ccbcf83","name":"测试首页点击功能","fullName":"test_cases.app.test_glasses.TestGlassesApp#test_click_home_element","historyId":"0bfc4a829d54069821ea4a3765daf50c","time":{"start":1761612849348,"stop":1761612858137,"duration":8789},"description":"\n测试步骤：\n1. 打开指定App\n2. 等待App加载\n3. 点击首页元素(id=home)\n","descriptionHtml":"<p>测试步骤：</p>\n<ol>\n<li>打开指定App</li>\n<li>等待App加载</li>\n<li>点击首页元素(id=home)</li>\n</ol>\n","status":"passed","flaky":false,"newFailed":false,"newBroken":false,"newPassed":false,"retriesCount":9,"retriesStatusChange":true,"beforeStages":[{"name":"app_driver","time":{"start":1761612840021,"stop":1761612849348,"duration":9327},"status":"passed","steps":[],"attachments":[],"parameters":[],"shouldDisplayMessage":false,"attachmentsCount":0,"hasContent":false,"attachmentStep":false,"stepsCount":0},{"name":"event_loop_policy","time":{"start":1761612840021,"stop":1761612840021,"duration":0},"status":"passed","steps":[],"attachments":[],"parameters":[],"shouldDisplayMessage":false,"attachmentsCount":0,"hasContent":false,"attachmentStep":false,"stepsCount":0}],"testStage":{"description":"\n测试步骤：\n1. 打开指定App\n2. 等待App加载\n3. 点击首页元素(id=home)\n","status":"passed","steps":[{"name":"打开App并等待加载","time":{"start":1761612849349,"stop":1761612854349,"duration":5000},"status":"passed","steps":[{"name":"等待App加载","time":{"start":1761612849349,"stop":1761612854349,"duration":5000},"status":"passed","steps":[],"attachments":[],"parameters":[{"name":"timeout","value":"10"}],"shouldDisplayMessage":false,"attachmentsCount":0,"hasContent":true,"attachmentStep":false,"stepsCount":0}],"attachments":[],"parameters":[],"shouldDisplayMessage":false,"attachmentsCount":0,"hasContent":true,"attachmentStep":false,"stepsCount":1},{"name":"点击首页元素","time":{"start":1761612854349,"stop":1761612856136,"duration":1787},"status":"passed","steps":[{"name":"点击首页元素","time":{"start":1761612854350,"stop":1761612856136,"duration":1786},"status":"passed","steps":[],"attachments":[],"parameters":[],"shouldDisplayMessage":false,"attachmentsCount":0,"hasContent":false,"attachmentStep":false,"stepsCount":0}],"attachments":[],"parameters":[],"shouldDisplayMessage":false,"attachmentsCount":0,"hasContent":true,"attachmentStep":false,"stepsCount":1},{"name":"验证操作结果","time":{"start":1761612856137,"stop":1761612858137,"duration":2000},"status":"passed","steps":[{"name":"验证操作结果","time":{"start":1761612858137,"stop":1761612858137,"duration":0},"status":"passed","steps":[],"attachments":[],"parameters":[],"shouldDisplayMessage":false,"attachmentsCount":0,"hasContent":false,"attachmentStep":false,"stepsCount":0}],"attachments":[],"parameters":[],"shouldDisplayMessage":false,"attachmentsCount":0,"hasContent":true,"attachmentStep":false,"stepsCount":1}],"attachments":[],"parameters":[],"shouldDisplayMessage":false,"attachmentsCount":0,"hasContent":true,"attachmentStep":false,"stepsCount":6},"afterStages":[{"name":"app_driver::0","time":{"start":1761612858138,"stop":1761612858583,"duration":445},"status":"passed","steps":[],"attachments":[],"parameters":[],"shouldDisplayMessage":false,"attachmentsCount":0,"hasContent":false,"attachmentStep":false,"stepsCount":0}],"labels":[{"name":"feature","value":"眼镜App测试"},{"name":"story","value":"打开App并点击首页"},{"name":"parentSuite","value":"test_cases.app"},{"name":"suite","value":"test_glasses"},{"name":"subSuite","value":"TestGlassesApp"},{"name":"host","value":"DESKTOP-U0EI80F"},{"name":"thread","value":"54268-MainThread"},{"name":"framework","value":"pytest"},{"name":"language","value":"cpython3"},{"name":"package","value":"test_cases.app.test_glasses"},{"name":"resultFormat","value":"allure2"}],"parameters":[],"links":[],"hidden":false,"retry":false,"extra":{"severity":"normal","retries":[{"uid":"ba490188a308de4f","status":"passed","time":{"start":1761612806960,"stop":1761612815626,"duration":8666}},{"uid":"a6b63cc97dd39668","status":"broken","statusDetails":"selenium.common.exceptions.NoSuchElementException: Message: 未找到元素: id='home'; For documentation on this error, please visit: https://www.selenium.dev/documentation/webdriver/troubleshooting/errors#nosuchelementexception","time":{"start":1761612338758,"stop":1761612364832,"duration":26074}},{"uid":"f52f9e1b42637f46","status":"broken","statusDetails":"selenium.common.exceptions.WebDriverException: Message: An unknown server-side error occurred while processing the command. Original error: Error getting device platform version. Original error: Error executing adbExec. Original error: 'Command 'D:\\\\Android\\\\android-sdk-windows\\\\platform-tools\\\\adb.exe -P 5037 -s 11467253AU000413 shell getprop ro.build.version.release' exited with code 1'; Command output: adb.ex: device unauthorized.\r\nThis adb server's $ADB_VENDOR_KEYS is not set\r\nTry 'adb kill-server' if that seems wrong.\r\nOtherwise check for a confirmation dialog on your device.\r\n\nStacktrace:\nUnknownError: An unknown server-side error occurred while processing the command. Original error: Error getting device platform version. Original error: Error executing adbExec. Original error: 'Command 'D:\\\\Android\\\\android-sdk-windows\\\\platform-tools\\\\adb.exe -P 5037 -s 11467253AU000413 shell getprop ro.build.version.release' exited with code 1'; Command output: adb.ex: device unauthorized.\r\nThis adb server's $ADB_VENDOR_KEYS is not set\r\nTry 'adb kill-server' if that seems wrong.\r\nOtherwise check for a confirmation dialog on your device.\r\n\n    at getResponseForW3CError (C:\\Program Files\\Appium Server GUI\\resources\\app\\node_modules\\appium\\node_modules\\appium-base-driver\\lib\\protocol\\errors.js:804:9)\n    at asyncHandler (C:\\Program Files\\Appium Server GUI\\resources\\app\\node_modules\\appium\\node_modules\\appium-base-driver\\lib\\protocol\\protocol.js:380:37)","time":{"start":1761612316882,"stop":1761612316882,"duration":0}},{"uid":"c0c018d107862cf","status":"broken","statusDetails":"selenium.common.exceptions.WebDriverException: Message: An unknown server-side error occurred while processing the command. Original error: Cannot start the 'com.google.android.gms' application. Visit https://github.com/appium/appium/blob/master/docs/en/writing-running-appium/android/activity-startup.md for troubleshooting. Original error: Error executing adbExec. Original error: 'Command 'D:\\\\Android\\\\android-sdk-windows\\\\platform-tools\\\\adb.exe -P 5037 -s 11467253AU000413 shell am start -W -n com.google.android.gms/.chimera.PersistentApiService -S -a android.intent.action.MAIN -c android.intent.category.LAUNCHER -f 0x10200000' exited with code 1'; Command output: Stopping: com.google.android.gms\r\nStarting: Intent { act=android.intent.action.MAIN cat=[android.intent.category.LAUNCHER] flg=0x10200000 cmp=com.google.android.gms/.chimera.PersistentApiService }\r\nError type 3\r\nError: Activity class {com.google.android.gms/com.google.android.gms.chimera.PersistentApiService} does not exist.\r\n\nStacktrace:\nUnknownError: An unknown server-side error occurred while processing the command. Original error: Cannot start the 'com.google.android.gms' application. Visit https://github.com/appium/appium/blob/master/docs/en/writing-running-appium/android/activity-startup.md for troubleshooting. Original error: Error executing adbExec. Original error: 'Command 'D:\\\\Android\\\\android-sdk-windows\\\\platform-tools\\\\adb.exe -P 5037 -s 11467253AU000413 shell am start -W -n com.google.android.gms/.chimera.PersistentApiService -S -a android.intent.action.MAIN -c android.intent.category.LAUNCHER -f 0x10200000' exited with code 1'; Command output: Stopping: com.google.android.gms\r\nStarting: Intent { act=android.intent.action.MAIN cat=[android.intent.category.LAUNCHER] flg=0x10200000 cmp=com.google.android.gms/.chimera.PersistentApiService }\r\nError type 3\r\nError: Activity class {com.google.android.gms/com.google.android.gms.chimera.PersistentApiService} does not exist.\r\n\n    at getResponseForW3CError (C:\\Program Files\\Appium Server GUI\\resources\\app\\node_modules\\appium\\node_modules\\appium-base-driver\\lib\\protocol\\errors.js:804:9)\n    at asyncHandler (C:\\Program Files\\Appium Server GUI\\resources\\app\\node_modules\\appium\\node_modules\\appium-base-driver\\lib\\protocol\\protocol.js:380:37)","time":{"start":1761612110654,"stop":1761612110654,"duration":0}},{"uid":"dbc3f7ad1fbf87bb","status":"broken","statusDetails":"selenium.common.exceptions.WebDriverException: Message: The requested resource could not be found, or a request was received using an HTTP method that is not supported by the mapped resource","time":{"start":1761611883717,"stop":1761611883717,"duration":0}},{"uid":"c50d4d909ca657cb","status":"broken","statusDetails":"TypeError: WebDriver.__init__() got an unexpected keyword argument 'desired_capabilities'","time":{"start":1761611621237,"stop":1761611621237,"duration":0}},{"uid":"eb359cf5e6e9552","status":"broken","statusDetails":"TypeError: WebDriver.__init__() got an unexpected keyword argument 'desired_capabilities'","time":{"start":1761611564120,"stop":1761611564120,"duration":0}},{"uid":"ef90c15e8609d880","status":"broken","statusDetails":"TypeError: WebDriver.__init__() got an unexpected keyword argument 'desired_capabilities'","time":{"start":1761611547313,"stop":1761611547313,"duration":0}},{"uid":"ab912660d2e08244","status":"broken","statusDetails":"TypeError: WebDriver.__init__() got an unexpected keyword argument 'desired_capabilities'","time":{"start":1761611404069,"stop":1761611404069,"duration":0}}],"categories":[],"tags":[]},"source":"8994f871ccbcf83.json","parameterValues":[]}