{"uid":"a6b63cc97dd39668","name":"测试首页点击功能","fullName":"test_cases.app.test_glasses.TestGlassesApp#test_click_home_element","historyId":"0bfc4a829d54069821ea4a3765daf50c","time":{"start":1761612338758,"stop":1761612364832,"duration":26074},"description":"\n测试步骤：\n1. 打开指定App\n2. 等待App加载\n3. 点击首页元素(id=home)\n","descriptionHtml":"<p>测试步骤：</p>\n<ol>\n<li>打开指定App</li>\n<li>等待App加载</li>\n<li>点击首页元素(id=home)</li>\n</ol>\n","status":"broken","statusMessage":"selenium.common.exceptions.NoSuchElementException: Message: 未找到元素: id='home'; For documentation on this error, please visit: https://www.selenium.dev/documentation/webdriver/troubleshooting/errors#nosuchelementexception","statusTrace":"self = <common.element_finder.ElementFinder object at 0x0000025DF8154AD0>, locator_type = 'id', locator_value = 'home'\n\n    def find_element(self, locator_type, locator_value):\n        \"\"\"通用元素定位方法\"\"\"\n        locator_map = {\n            \"id\": AppiumBy.ID,\n            \"xpath\": AppiumBy.XPATH,\n            \"class\": AppiumBy.CLASS_NAME,\n            \"accessibility_id\": AppiumBy.ACCESSIBILITY_ID,\n            \"uiautomator\": AppiumBy.ANDROID_UIAUTOMATOR\n        }\n    \n        if locator_type not in locator_map:\n            raise ValueError(f\"不支持的定位类型: {locator_type}\")\n    \n        try:\n>           return self.wait.until(\n                EC.element_to_be_clickable((locator_map[locator_type], locator_value))\n            )\n\ncommon\\element_finder.py:76: \n_ _ _ _ _ _ _ _ _ _ _ _ _ _ _ _ _ _ _ _ _ _ _ _ _ _ _ _ _ _ _ _ _ _ _ _ _ _ _ _ _ _ _ _ _ _ _ _ _ _ _ _ _ _ _ _ _ _ _ _ _ _ _ _ _ _ _ _ _ _ _ _ _ _ _ _ _ _ _ _ _ _ _ _ _ _ _ _ _ _ _ _ _ _ _ _ _ _ _ _ _ _ _ _ _ _ _ _ _ _ _ _ _ _\n\nself = <selenium.webdriver.support.wait.WebDriverWait (session=\"cdfea7fe-e93b-4800-bec3-6a9ed42a5615\")>, method = <function element_to_be_clickable.<locals>._predicate at 0x0000025DF8142660>, message = ''\n\n    def until(self, method: Callable[[D], Union[Literal[False], T]], message: str = \"\") -> T:\n        \"\"\"Wait until the method returns a value that is not False.\n    \n        Calls the method provided with the driver as an argument until the\n        return value does not evaluate to ``False``.\n    \n        Parameters:\n        -----------\n        method: callable(WebDriver)\n            - A callable object that takes a WebDriver instance as an argument.\n    \n        message: str\n            - Optional message for :exc:`TimeoutException`\n    \n        Return:\n        -------\n        object: T\n            - The result of the last call to `method`\n    \n        Raises:\n        -------\n        TimeoutException\n            - If 'method' does not return a truthy value within the WebDriverWait\n            object's timeout\n    \n        Example:\n        --------\n        >>> from selenium.webdriver.common.by import By\n        >>> from selenium.webdriver.support.ui import WebDriverWait\n        >>> from selenium.webdriver.support import expected_conditions as EC\n    \n        # Wait until an element is visible on the page\n        >>> wait = WebDriverWait(driver, 10)\n        >>> element = wait.until(EC.visibility_of_element_located((By.ID, \"exampleId\")))\n        >>> print(element.text)\n        \"\"\"\n        screen = None\n        stacktrace = None\n    \n        end_time = time.monotonic() + self._timeout\n        while True:\n            try:\n                value = method(self._driver)\n                if value:\n                    return value\n            except self._ignored_exceptions as exc:\n                screen = getattr(exc, \"screen\", None)\n                stacktrace = getattr(exc, \"stacktrace\", None)\n            if time.monotonic() > end_time:\n                break\n            time.sleep(self._poll)\n>       raise TimeoutException(message, screen, stacktrace)\nE       selenium.common.exceptions.TimeoutException: Message: \nE       Stacktrace:\nE       NoSuchElementError: An element could not be located on the page using the given search parameters.\nE           at AndroidUiautomator2Driver.findElOrEls (C:\\Program Files\\Appium Server GUI\\resources\\app\\node_modules\\appium\\node_modules\\appium-android-driver\\lib\\commands\\find.js:75:11)\nE           at runMicrotasks (<anonymous>)\nE           at processTicksAndRejections (internal/process/task_queues.js:97:5)\nE           at AndroidUiautomator2Driver.findElOrElsWithProcessing (C:\\Program Files\\Appium Server GUI\\resources\\app\\node_modules\\appium\\node_modules\\appium-base-driver\\lib\\basedriver\\commands\\find.js:33:12)\nE           at AndroidUiautomator2Driver.findElement (C:\\Program Files\\Appium Server GUI\\resources\\app\\node_modules\\appium\\node_modules\\appium-base-driver\\lib\\basedriver\\commands\\find.js:53:10)\n\nC:\\python\\Lib\\site-packages\\selenium\\webdriver\\support\\wait.py:138: TimeoutException\n\nDuring handling of the above exception, another exception occurred:\n\nself = <test_cases.app.test_glasses.TestGlassesApp object at 0x0000025DF811C7D0>, app_driver = <appium.webdriver.webdriver.WebDriver (session=\"cdfea7fe-e93b-4800-bec3-6a9ed42a5615\")>\n\n    @allure.story(\"打开App并点击首页\")\n    @allure.title(\"测试首页点击功能\")\n    def test_click_home_element(self, app_driver):\n        \"\"\"\n        测试步骤：\n        1. 打开指定App\n        2. 等待App加载\n        3. 点击首页元素(id=home)\n        \"\"\"\n        # 初始化页面对象\n        main_page = MainPage(app_driver)\n    \n        with allure.step(\"打开App并等待加载\"):\n            main_page.wait_for_app_loaded()\n            print(\"✅ App打开成功\")\n    \n        with allure.step(\"点击首页元素\"):\n>           result = main_page.click_home_element()\n                     ^^^^^^^^^^^^^^^^^^^^^^^^^^^^^^\n\ntest_cases\\app\\test_glasses.py:36: \n_ _ _ _ _ _ _ _ _ _ _ _ _ _ _ _ _ _ _ _ _ _ _ _ _ _ _ _ _ _ _ _ _ _ _ _ _ _ _ _ _ _ _ _ _ _ _ _ _ _ _ _ _ _ _ _ _ _ _ _ _ _ _ _ _ _ _ _ _ _ _ _ _ _ _ _ _ _ _ _ _ _ _ _ _ _ _ _ _ _ _ _ _ _ _ _ _ _ _ _ _ _ _ _ _ _ _ _ _ _ _ _ _ _\npage_objects\\app\\main_page.py:33: in click_home_element\n    result = self.action.click_by_id(\"home\")\n             ^^^^^^^^^^^^^^^^^^^^^^^^^^^^^^^\ncommon\\action_utils.py:45: in click_by_id\n    return self.click_element(\"id\", element_id, max_retries)\n           ^^^^^^^^^^^^^^^^^^^^^^^^^^^^^^^^^^^^^^^^^^^^^^^^^\ncommon\\action_utils.py:26: in click_element\n    element = self.element_finder.find_element(locator_type, locator_value)\n              ^^^^^^^^^^^^^^^^^^^^^^^^^^^^^^^^^^^^^^^^^^^^^^^^^^^^^^^^^^^^^\n_ _ _ _ _ _ _ _ _ _ _ _ _ _ _ _ _ _ _ _ _ _ _ _ _ _ _ _ _ _ _ _ _ _ _ _ _ _ _ _ _ _ _ _ _ _ _ _ _ _ _ _ _ _ _ _ _ _ _ _ _ _ _ _ _ _ _ _ _ _ _ _ _ _ _ _ _ _ _ _ _ _ _ _ _ _ _ _ _ _ _ _ _ _ _ _ _ _ _ _ _ _ _ _ _ _ _ _ _ _ _ _ _ _\n\nself = <common.element_finder.ElementFinder object at 0x0000025DF8154AD0>, locator_type = 'id', locator_value = 'home'\n\n    def find_element(self, locator_type, locator_value):\n        \"\"\"通用元素定位方法\"\"\"\n        locator_map = {\n            \"id\": AppiumBy.ID,\n            \"xpath\": AppiumBy.XPATH,\n            \"class\": AppiumBy.CLASS_NAME,\n            \"accessibility_id\": AppiumBy.ACCESSIBILITY_ID,\n            \"uiautomator\": AppiumBy.ANDROID_UIAUTOMATOR\n        }\n    \n        if locator_type not in locator_map:\n            raise ValueError(f\"不支持的定位类型: {locator_type}\")\n    \n        try:\n            return self.wait.until(\n                EC.element_to_be_clickable((locator_map[locator_type], locator_value))\n            )\n        except TimeoutException:\n>           raise NoSuchElementException(f\"未找到元素: {locator_type}='{locator_value}'\")\nE           selenium.common.exceptions.NoSuchElementException: Message: 未找到元素: id='home'; For documentation on this error, please visit: https://www.selenium.dev/documentation/webdriver/troubleshooting/errors#nosuchelementexception\n\ncommon\\element_finder.py:80: NoSuchElementException","flaky":false,"newFailed":false,"newBroken":false,"newPassed":false,"retriesCount":0,"retriesStatusChange":false,"beforeStages":[{"name":"event_loop_policy","time":{"start":1761612328968,"stop":1761612328968,"duration":0},"status":"passed","steps":[],"attachments":[],"parameters":[],"shouldDisplayMessage":false,"attachmentsCount":0,"hasContent":false,"attachmentStep":false,"stepsCount":0},{"name":"app_driver","time":{"start":1761612328968,"stop":1761612338757,"duration":9789},"status":"passed","steps":[],"attachments":[],"parameters":[],"shouldDisplayMessage":false,"attachmentsCount":0,"hasContent":false,"attachmentStep":false,"stepsCount":0}],"testStage":{"description":"\n测试步骤：\n1. 打开指定App\n2. 等待App加载\n3. 点击首页元素(id=home)\n","status":"broken","statusMessage":"selenium.common.exceptions.NoSuchElementException: Message: 未找到元素: id='home'; For documentation on this error, please visit: https://www.selenium.dev/documentation/webdriver/troubleshooting/errors#nosuchelementexception","statusTrace":"self = <common.element_finder.ElementFinder object at 0x0000025DF8154AD0>, locator_type = 'id', locator_value = 'home'\n\n    def find_element(self, locator_type, locator_value):\n        \"\"\"通用元素定位方法\"\"\"\n        locator_map = {\n            \"id\": AppiumBy.ID,\n            \"xpath\": AppiumBy.XPATH,\n            \"class\": AppiumBy.CLASS_NAME,\n            \"accessibility_id\": AppiumBy.ACCESSIBILITY_ID,\n            \"uiautomator\": AppiumBy.ANDROID_UIAUTOMATOR\n        }\n    \n        if locator_type not in locator_map:\n            raise ValueError(f\"不支持的定位类型: {locator_type}\")\n    \n        try:\n>           return self.wait.until(\n                EC.element_to_be_clickable((locator_map[locator_type], locator_value))\n            )\n\ncommon\\element_finder.py:76: \n_ _ _ _ _ _ _ _ _ _ _ _ _ _ _ _ _ _ _ _ _ _ _ _ _ _ _ _ _ _ _ _ _ _ _ _ _ _ _ _ _ _ _ _ _ _ _ _ _ _ _ _ _ _ _ _ _ _ _ _ _ _ _ _ _ _ _ _ _ _ _ _ _ _ _ _ _ _ _ _ _ _ _ _ _ _ _ _ _ _ _ _ _ _ _ _ _ _ _ _ _ _ _ _ _ _ _ _ _ _ _ _ _ _\n\nself = <selenium.webdriver.support.wait.WebDriverWait (session=\"cdfea7fe-e93b-4800-bec3-6a9ed42a5615\")>, method = <function element_to_be_clickable.<locals>._predicate at 0x0000025DF8142660>, message = ''\n\n    def until(self, method: Callable[[D], Union[Literal[False], T]], message: str = \"\") -> T:\n        \"\"\"Wait until the method returns a value that is not False.\n    \n        Calls the method provided with the driver as an argument until the\n        return value does not evaluate to ``False``.\n    \n        Parameters:\n        -----------\n        method: callable(WebDriver)\n            - A callable object that takes a WebDriver instance as an argument.\n    \n        message: str\n            - Optional message for :exc:`TimeoutException`\n    \n        Return:\n        -------\n        object: T\n            - The result of the last call to `method`\n    \n        Raises:\n        -------\n        TimeoutException\n            - If 'method' does not return a truthy value within the WebDriverWait\n            object's timeout\n    \n        Example:\n        --------\n        >>> from selenium.webdriver.common.by import By\n        >>> from selenium.webdriver.support.ui import WebDriverWait\n        >>> from selenium.webdriver.support import expected_conditions as EC\n    \n        # Wait until an element is visible on the page\n        >>> wait = WebDriverWait(driver, 10)\n        >>> element = wait.until(EC.visibility_of_element_located((By.ID, \"exampleId\")))\n        >>> print(element.text)\n        \"\"\"\n        screen = None\n        stacktrace = None\n    \n        end_time = time.monotonic() + self._timeout\n        while True:\n            try:\n                value = method(self._driver)\n                if value:\n                    return value\n            except self._ignored_exceptions as exc:\n                screen = getattr(exc, \"screen\", None)\n                stacktrace = getattr(exc, \"stacktrace\", None)\n            if time.monotonic() > end_time:\n                break\n            time.sleep(self._poll)\n>       raise TimeoutException(message, screen, stacktrace)\nE       selenium.common.exceptions.TimeoutException: Message: \nE       Stacktrace:\nE       NoSuchElementError: An element could not be located on the page using the given search parameters.\nE           at AndroidUiautomator2Driver.findElOrEls (C:\\Program Files\\Appium Server GUI\\resources\\app\\node_modules\\appium\\node_modules\\appium-android-driver\\lib\\commands\\find.js:75:11)\nE           at runMicrotasks (<anonymous>)\nE           at processTicksAndRejections (internal/process/task_queues.js:97:5)\nE           at AndroidUiautomator2Driver.findElOrElsWithProcessing (C:\\Program Files\\Appium Server GUI\\resources\\app\\node_modules\\appium\\node_modules\\appium-base-driver\\lib\\basedriver\\commands\\find.js:33:12)\nE           at AndroidUiautomator2Driver.findElement (C:\\Program Files\\Appium Server GUI\\resources\\app\\node_modules\\appium\\node_modules\\appium-base-driver\\lib\\basedriver\\commands\\find.js:53:10)\n\nC:\\python\\Lib\\site-packages\\selenium\\webdriver\\support\\wait.py:138: TimeoutException\n\nDuring handling of the above exception, another exception occurred:\n\nself = <test_cases.app.test_glasses.TestGlassesApp object at 0x0000025DF811C7D0>, app_driver = <appium.webdriver.webdriver.WebDriver (session=\"cdfea7fe-e93b-4800-bec3-6a9ed42a5615\")>\n\n    @allure.story(\"打开App并点击首页\")\n    @allure.title(\"测试首页点击功能\")\n    def test_click_home_element(self, app_driver):\n        \"\"\"\n        测试步骤：\n        1. 打开指定App\n        2. 等待App加载\n        3. 点击首页元素(id=home)\n        \"\"\"\n        # 初始化页面对象\n        main_page = MainPage(app_driver)\n    \n        with allure.step(\"打开App并等待加载\"):\n            main_page.wait_for_app_loaded()\n            print(\"✅ App打开成功\")\n    \n        with allure.step(\"点击首页元素\"):\n>           result = main_page.click_home_element()\n                     ^^^^^^^^^^^^^^^^^^^^^^^^^^^^^^\n\ntest_cases\\app\\test_glasses.py:36: \n_ _ _ _ _ _ _ _ _ _ _ _ _ _ _ _ _ _ _ _ _ _ _ _ _ _ _ _ _ _ _ _ _ _ _ _ _ _ _ _ _ _ _ _ _ _ _ _ _ _ _ _ _ _ _ _ _ _ _ _ _ _ _ _ _ _ _ _ _ _ _ _ _ _ _ _ _ _ _ _ _ _ _ _ _ _ _ _ _ _ _ _ _ _ _ _ _ _ _ _ _ _ _ _ _ _ _ _ _ _ _ _ _ _\npage_objects\\app\\main_page.py:33: in click_home_element\n    result = self.action.click_by_id(\"home\")\n             ^^^^^^^^^^^^^^^^^^^^^^^^^^^^^^^\ncommon\\action_utils.py:45: in click_by_id\n    return self.click_element(\"id\", element_id, max_retries)\n           ^^^^^^^^^^^^^^^^^^^^^^^^^^^^^^^^^^^^^^^^^^^^^^^^^\ncommon\\action_utils.py:26: in click_element\n    element = self.element_finder.find_element(locator_type, locator_value)\n              ^^^^^^^^^^^^^^^^^^^^^^^^^^^^^^^^^^^^^^^^^^^^^^^^^^^^^^^^^^^^^\n_ _ _ _ _ _ _ _ _ _ _ _ _ _ _ _ _ _ _ _ _ _ _ _ _ _ _ _ _ _ _ _ _ _ _ _ _ _ _ _ _ _ _ _ _ _ _ _ _ _ _ _ _ _ _ _ _ _ _ _ _ _ _ _ _ _ _ _ _ _ _ _ _ _ _ _ _ _ _ _ _ _ _ _ _ _ _ _ _ _ _ _ _ _ _ _ _ _ _ _ _ _ _ _ _ _ _ _ _ _ _ _ _ _\n\nself = <common.element_finder.ElementFinder object at 0x0000025DF8154AD0>, locator_type = 'id', locator_value = 'home'\n\n    def find_element(self, locator_type, locator_value):\n        \"\"\"通用元素定位方法\"\"\"\n        locator_map = {\n            \"id\": AppiumBy.ID,\n            \"xpath\": AppiumBy.XPATH,\n            \"class\": AppiumBy.CLASS_NAME,\n            \"accessibility_id\": AppiumBy.ACCESSIBILITY_ID,\n            \"uiautomator\": AppiumBy.ANDROID_UIAUTOMATOR\n        }\n    \n        if locator_type not in locator_map:\n            raise ValueError(f\"不支持的定位类型: {locator_type}\")\n    \n        try:\n            return self.wait.until(\n                EC.element_to_be_clickable((locator_map[locator_type], locator_value))\n            )\n        except TimeoutException:\n>           raise NoSuchElementException(f\"未找到元素: {locator_type}='{locator_value}'\")\nE           selenium.common.exceptions.NoSuchElementException: Message: 未找到元素: id='home'; For documentation on this error, please visit: https://www.selenium.dev/documentation/webdriver/troubleshooting/errors#nosuchelementexception\n\ncommon\\element_finder.py:80: NoSuchElementException","steps":[{"name":"打开App并等待加载","time":{"start":1761612338758,"stop":1761612343759,"duration":5001},"status":"passed","steps":[{"name":"等待App加载","time":{"start":1761612338758,"stop":1761612343758,"duration":5000},"status":"passed","steps":[],"attachments":[],"parameters":[{"name":"timeout","value":"10"}],"shouldDisplayMessage":false,"attachmentsCount":0,"hasContent":true,"attachmentStep":false,"stepsCount":0}],"attachments":[],"parameters":[],"shouldDisplayMessage":false,"attachmentsCount":0,"hasContent":true,"attachmentStep":false,"stepsCount":1},{"name":"点击首页元素","time":{"start":1761612343759,"stop":1761612364831,"duration":21072},"status":"broken","statusMessage":"selenium.common.exceptions.NoSuchElementException: Message: 未找到元素: id='home'; For documentation on this error, please visit: https://www.selenium.dev/documentation/webdriver/troubleshooting/errors#nosuchelementexception\n\n","statusTrace":"  File \"E:\\work\\person-test\\simon-ui-automated-test\\test_cases\\app\\test_glasses.py\", line 36, in test_click_home_element\n    result = main_page.click_home_element()\n  File \"C:\\python\\Lib\\site-packages\\allure_commons\\_allure.py\", line 202, in impl\n    return func(*a, **kw)\n  File \"E:\\work\\person-test\\simon-ui-automated-test\\page_objects\\app\\main_page.py\", line 33, in click_home_element\n    result = self.action.click_by_id(\"home\")\n  File \"E:\\work\\person-test\\simon-ui-automated-test\\common\\action_utils.py\", line 45, in click_by_id\n    return self.click_element(\"id\", element_id, max_retries)\n           ~~~~~~~~~~~~~~~~~~^^^^^^^^^^^^^^^^^^^^^^^^^^^^^^^\n  File \"E:\\work\\person-test\\simon-ui-automated-test\\common\\action_utils.py\", line 26, in click_element\n    element = self.element_finder.find_element(locator_type, locator_value)\n  File \"E:\\work\\person-test\\simon-ui-automated-test\\common\\element_finder.py\", line 80, in find_element\n    raise NoSuchElementException(f\"未找到元素: {locator_type}='{locator_value}'\")\n","steps":[{"name":"点击首页元素","time":{"start":1761612343759,"stop":1761612364827,"duration":21068},"status":"broken","statusMessage":"selenium.common.exceptions.NoSuchElementException: Message: 未找到元素: id='home'; For documentation on this error, please visit: https://www.selenium.dev/documentation/webdriver/troubleshooting/errors#nosuchelementexception\n\n","statusTrace":"  File \"C:\\python\\Lib\\site-packages\\allure_commons\\_allure.py\", line 202, in impl\n    return func(*a, **kw)\n  File \"E:\\work\\person-test\\simon-ui-automated-test\\page_objects\\app\\main_page.py\", line 33, in click_home_element\n    result = self.action.click_by_id(\"home\")\n  File \"E:\\work\\person-test\\simon-ui-automated-test\\common\\action_utils.py\", line 45, in click_by_id\n    return self.click_element(\"id\", element_id, max_retries)\n           ~~~~~~~~~~~~~~~~~~^^^^^^^^^^^^^^^^^^^^^^^^^^^^^^^\n  File \"E:\\work\\person-test\\simon-ui-automated-test\\common\\action_utils.py\", line 26, in click_element\n    element = self.element_finder.find_element(locator_type, locator_value)\n  File \"E:\\work\\person-test\\simon-ui-automated-test\\common\\element_finder.py\", line 80, in find_element\n    raise NoSuchElementException(f\"未找到元素: {locator_type}='{locator_value}'\")\n","steps":[],"attachments":[],"parameters":[],"shouldDisplayMessage":true,"attachmentsCount":0,"hasContent":true,"attachmentStep":false,"stepsCount":0}],"attachments":[],"parameters":[],"shouldDisplayMessage":false,"attachmentsCount":0,"hasContent":true,"attachmentStep":false,"stepsCount":1}],"attachments":[{"uid":"9b517a96e6d95721","name":"failure_screenshot","source":"9b517a96e6d95721.png","type":"image/png","size":1525800}],"parameters":[],"shouldDisplayMessage":true,"attachmentsCount":1,"hasContent":true,"attachmentStep":false,"stepsCount":4},"afterStages":[{"name":"app_driver::0","time":{"start":1761612366457,"stop":1761612367491,"duration":1034},"status":"passed","steps":[],"attachments":[],"parameters":[],"shouldDisplayMessage":false,"attachmentsCount":0,"hasContent":false,"attachmentStep":false,"stepsCount":0}],"labels":[{"name":"story","value":"打开App并点击首页"},{"name":"feature","value":"眼镜App测试"},{"name":"parentSuite","value":"test_cases.app"},{"name":"suite","value":"test_glasses"},{"name":"subSuite","value":"TestGlassesApp"},{"name":"host","value":"DESKTOP-U0EI80F"},{"name":"thread","value":"43400-MainThread"},{"name":"framework","value":"pytest"},{"name":"language","value":"cpython3"},{"name":"package","value":"test_cases.app.test_glasses"},{"name":"resultFormat","value":"allure2"}],"parameters":[],"links":[],"hidden":true,"retry":true,"extra":{"categories":[],"tags":[]},"source":"a6b63cc97dd39668.json","parameterValues":[]}